<?xml version="1.0" encoding="UTF-8"?>
<!-- Generated by org.testng.reporters.JUnitReportReporter -->
<testsuite hostname="DESKTOP-H9758L6" failures="0" tests="1" name="RESTAssured.Ecom" time="3.919" errors="0" timestamp="16 Mar 2022 18:52:47 GMT">
  <testcase classname="RESTAssured.Ecom" name="login" time="3.919"/>
</testsuite> <!-- RESTAssured.Ecom -->
