<?xml version="1.0" encoding="UTF-8"?>
<!-- Generated by org.testng.reporters.JUnitReportReporter -->
<testsuite hostname="DESKTOP-H9758L6" failures="0" tests="3" name="RESTAssured.Trello" time="4.819" errors="0" timestamp="16 Mar 2022 18:59:50 GMT">
  <testcase classname="RESTAssured.Trello" name="deleteBoard" time="0.752"/>
  <testcase classname="RESTAssured.Trello" name="createBoard" time="3.497"/>
  <testcase classname="RESTAssured.Trello" name="getBoard" time="0.570"/>
</testsuite> <!-- RESTAssured.Trello -->
